<?xml version="1.0" encoding="UTF-8"?>
<testng-results skipped="0" failed="0" ignored="0" total="1" passed="1">
  <reporter-output>
  </reporter-output>
  <suite name="Default suite" duration-ms="143848" started-at="2021-07-29T17:36:39 IST" finished-at="2021-07-29T17:39:02 IST">
    <groups>
    </groups>
    <test name="Default test" duration-ms="143848" started-at="2021-07-29T17:36:39 IST" finished-at="2021-07-29T17:39:02 IST">
      <class name="demo.FlipCartDemo">
        <test-method status="PASS" signature="beforeMethod()[pri:0, instance:demo.FlipCartDemo@22a67b4]" name="beforeMethod" is-config="true" duration-ms="16" started-at="2021-07-29T17:36:39 IST" finished-at="2021-07-29T17:36:39 IST">
          <reporter-output>
          </reporter-output>
        </test-method> <!-- beforeMethod -->
        <test-method status="PASS" signature="f()[pri:0, instance:demo.FlipCartDemo@22a67b4]" name="f" duration-ms="143730" started-at="2021-07-29T17:36:39 IST" finished-at="2021-07-29T17:39:02 IST">
          <reporter-output>
          </reporter-output>
        </test-method> <!-- f -->
        <test-method status="PASS" signature="afterMethod()[pri:0, instance:demo.FlipCartDemo@22a67b4]" name="afterMethod" is-config="true" duration-ms="0" started-at="2021-07-29T17:39:02 IST" finished-at="2021-07-29T17:39:02 IST">
          <reporter-output>
          </reporter-output>
        </test-method> <!-- afterMethod -->
      </class> <!-- demo.FlipCartDemo -->
    </test> <!-- Default test -->
  </suite> <!-- Default suite -->
</testng-results>
